<?xml version="1.0" encoding="UTF-8"?>
<!-- Generated by org.testng.reporters.JUnitReportReporter -->
<testsuite hostname="DESKTOP-8T8S9A5" name="org.qsp.test.TestLoginPage" tests="1" failures="0" timestamp="30 Jul 2021 10:51:53 GMT" time="8.369" errors="0">
  <testcase name="validLogin" time="8.369" classname="org.qsp.test.TestLoginPage"/>
</testsuite> <!-- org.qsp.test.TestLoginPage -->
